\BOOKMARK [0][-]{section*.1}{\376\377\000T\000i\000m\000e\000\040\000s\000e\000r\000i\000e\000s\000\040\000f\000o\000r\000e\000c\000a\000s\000t\000i\000n\000g\000\040\000u\000s\000i\000n\000g\000\040\000L\000S\000T\000M\000s\000\040\000\040\000P\000r\000o\000j\000e\000c\000t\000\040\0003\000\040\000-\000\040\000F\000Y\000S\000-\000S\000T\000K\0004\0001\0005\0005}{}% 1
\BOOKMARK [1][-]{section*.2}{\376\377\000I\000n\000t\000r\000o\000d\000u\000c\000t\000i\000o\000n}{section*.1}% 2
\BOOKMARK [1][-]{section*.4}{\376\377\000D\000a\000t\000a}{section*.1}% 3
\BOOKMARK [2][-]{section*.5}{\376\377\000M\000a\000r\000k\000e\000t\000\040\000c\000o\000u\000p\000l\000i\000n\000g}{section*.4}% 4
\BOOKMARK [2][-]{section*.6}{\376\377\000P\000r\000e\000-\000p\000r\000o\000c\000e\000s\000s\000i\000n\000g}{section*.4}% 5
\BOOKMARK [1][-]{section*.7}{\376\377\000T\000h\000e\000o\000r\000y\000\040\000a\000n\000d\000\040\000M\000e\000t\000h\000o\000d\000s}{section*.1}% 6
\BOOKMARK [2][-]{section*.8}{\376\377\000D\000a\000t\000a\000\040\000W\000i\000n\000d\000o\000w\000i\000n\000g}{section*.7}% 7
\BOOKMARK [2][-]{section*.9}{\376\377\000T\000i\000m\000e\000-\000s\000e\000r\000i\000e\000s\000\040\000a\000n\000d\000\040\000s\000t\000a\000t\000i\000s\000t\000i\000c\000a\000l\000\040\000a\000n\000a\000l\000y\000s\000i\000s}{section*.7}% 8
\BOOKMARK [3][-]{section*.10}{\376\377\000T\000h\000e\000\040\000n\000a\000t\000u\000r\000e\000\040\000o\000f\000\040\000t\000i\000m\000e\000\040\000s\000e\000r\000i\000e\000s}{section*.9}% 9
\BOOKMARK [3][-]{section*.11}{\376\377\000D\000e\000c\000o\000m\000p\000o\000s\000i\000n\000g\000\040\000t\000h\000e\000\040\000C\000h\000a\000r\000a\000c\000t\000e\000r\000i\000s\000t\000i\000c\000s}{section*.9}% 10
\BOOKMARK [2][-]{section*.12}{\376\377\000T\000h\000e\000\040\000A\000u\000t\000o\000-\000R\000e\000g\000r\000e\000s\000s\000i\000v\000e\000\040\000M\000o\000d\000e\000l}{section*.7}% 11
\BOOKMARK [3][-]{section*.13}{\376\377\000S\000t\000a\000t\000i\000o\000n\000a\000r\000i\000t\000y}{section*.12}% 12
\BOOKMARK [3][-]{section*.14}{\376\377\000M\000o\000d\000e\000l\000\040\000D\000e\000f\000i\000n\000i\000t\000i\000o\000n}{section*.12}% 13
\BOOKMARK [1][-]{section*.16}{\376\377\000R\000e\000c\000u\000r\000r\000e\000n\000t\000\040\000N\000e\000u\000r\000a\000l\000\040\000N\000e\000t\000w\000o\000r\000k\000s\000\040\000t\000h\000e\000o\000r\000y\000\040\000a\000n\000d\000\040\000M\000e\000t\000h\000o\000d\000s}{section*.1}% 14
\BOOKMARK [2][-]{section*.17}{\376\377\000S\000e\000q\000u\000e\000n\000c\000e\000\040\000p\000r\000o\000c\000e\000s\000s\000i\000n\000g\000\040\000u\000s\000i\000n\000g\000\040\000R\000e\000c\000u\000r\000r\000e\000n\000t\000\040\000N\000e\000u\000r\000a\000l\000\040\000N\000e\000t\000w\000o\000r\000k\000s}{section*.16}% 15
\BOOKMARK [2][-]{section*.18}{\376\377\000B\000a\000c\000k\000p\000r\000o\000p\000a\000g\000a\000t\000i\000o\000n\000\040\000t\000h\000r\000o\000u\000g\000h\000\040\000t\000i\000m\000e}{section*.16}% 16
\BOOKMARK [2][-]{section*.19}{\376\377\000T\000h\000e\000\040\000u\000n\000s\000t\000a\000b\000l\000e\000\040\000g\000r\000a\000d\000i\000e\000n\000t\000\040\000p\000r\000o\000b\000l\000e\000m}{section*.16}% 17
\BOOKMARK [2][-]{section*.20}{\376\377\000T\000h\000e\000\040\000S\000h\000o\000r\000t\000-\000T\000e\000r\000m\000\040\000m\000e\000m\000o\000r\000y\000\040\000p\000r\000o\000b\000l\000e\000m}{section*.16}% 18
\BOOKMARK [2][-]{section*.21}{\376\377\000S\000e\000t\000t\000i\000n\000g\000\040\000u\000p\000\040\000o\000u\000r\000\040\000R\000N\000N}{section*.16}% 19
\BOOKMARK [1][-]{section*.22}{\376\377\000R\000e\000s\000u\000l\000t\000s}{section*.1}% 20
\BOOKMARK [2][-]{section*.23}{\376\377\000R\000e\000c\000u\000r\000r\000e\000n\000t\000\040\000N\000e\000u\000r\000a\000l\000\040\000N\000e\000t\000w\000o\000r\000k\000s}{section*.22}% 21
\BOOKMARK [3][-]{section*.24}{\376\377\000B\000e\000h\000a\000v\000i\000o\000u\000r\000\040\000o\000f\000\040\000u\000n\000i\000\040\000-\000a\000n\000d\000\040\000m\000u\000l\000t\000i\000v\000a\000r\000i\000a\000t\000e\000\040\000m\000o\000d\000e\000l\000s}{section*.23}% 22
\BOOKMARK [3][-]{section*.25}{\376\377\000D\000a\000t\000a\000\040\000a\000l\000t\000e\000r\000a\000t\000i\000o\000n\000\040\000f\000o\000r\000\040\000l\000o\000n\000g\000\040\000s\000e\000q\000u\000e\000n\000c\000e\000s}{section*.23}% 23
\BOOKMARK [1][-]{section*.26}{\376\377\000D\000i\000s\000c\000u\000s\000s\000i\000o\000n}{section*.1}% 24
\BOOKMARK [2][-]{section*.27}{\376\377\000R\000e\000c\000u\000r\000r\000e\000n\000t\000\040\000N\000e\000u\000r\000a\000l\000\040\000N\000e\000t\000w\000o\000r\000k\000s}{section*.26}% 25
\BOOKMARK [3][-]{section*.28}{\376\377\000R\000e\000s\000p\000o\000n\000s\000e\000\040\000t\000o\000\040\000a\000r\000c\000h\000i\000t\000e\000c\000t\000u\000r\000a\000l\000\040\000c\000h\000a\000n\000g\000e\000s}{section*.27}% 26
\BOOKMARK [3][-]{section*.29}{\376\377\000E\000f\000f\000e\000c\000t\000\040\000o\000f\000\040\000d\000a\000t\000a\000\040\000a\000l\000t\000e\000r\000a\000t\000i\000o\000n\000\040\000f\000o\000r\000\040\000l\000o\000n\000g\000\040\000s\000e\000q\000u\000e\000n\000c\000e\000s}{section*.27}% 27
\BOOKMARK [2][-]{section*.30}{\376\377\000R\000e\000c\000u\000r\000r\000e\000n\000t\000\040\000N\000e\000u\000r\000a\000l\000\040\000N\000e\000t\000w\000o\000r\000k}{section*.26}% 28
\BOOKMARK [1][-]{section*.31}{\376\377\000C\000o\000n\000c\000l\000u\000s\000i\000o\000n\000s}{section*.1}% 29
\BOOKMARK [1][-]{section*.32}{\376\377\000S\000o\000u\000r\000c\000e\000\040\000C\000o\000d\000e}{section*.1}% 30
\BOOKMARK [1][-]{section*.33}{\376\377\000R\000e\000f\000e\000r\000e\000n\000c\000e\000s}{section*.1}% 31
